2024-09-11 18:03:11,604 - Question count: 1
2024-09-11 18:03:11,626 - Question asked by None: 
2024-09-11 18:05:43,505 - User registration attempt failed: gokul - Passwords do not match.
2024-09-11 18:05:52,042 - User registration attempt failed: gokul - Passwords do not match.
2024-09-11 18:05:57,616 - User registered successfully: gokul
2024-09-11 18:06:10,572 - User logged in successfully: gokul
2024-09-11 18:07:40,505 - Question count: 2
2024-09-11 18:07:40,520 - Question asked by None: 
2024-09-11 18:10:16,477 - Question count: 1
2024-09-12 15:16:45,841 - Question count: 1
2024-09-12 15:16:45,861 - Question asked by Unknown: what are the symptoms of malaria?
2024-09-12 15:29:47,183 - Error processing the query by Unknown: "what are the symptoms of malaria?" - Error: exception: access violation writing 0x00000000000001C0
2024-09-12 15:32:30,327 - Error processing the query by Unknown: "how to cure common cold" - Error: exception: access violation writing 0x0000000000004480
2024-09-12 15:40:53,568 - Question count: 1
2024-09-12 15:50:39,567 - Question count: 1
2024-09-12 15:53:38,609 - Question count: 2
2024-09-12 16:12:10,476 - Question count: 3
2024-09-12 16:49:05,010 - Question count: 1
2024-09-12 16:53:19,937 - Question count: 1
2024-09-12 16:54:02,125 - Question count: 2
2024-09-12 16:55:36,734 - Question count: 3
2024-09-12 16:57:48,237 - Question count: 4
2024-09-12 17:00:46,442 - Question count: 1
2024-09-12 17:16:46,610 - Question count: 1
2024-09-12 17:41:03,807 - Question count: 1
2024-09-12 17:42:58,000 - Question count: 2
2024-09-12 17:44:46,039 - Question count: 3
2024-09-12 17:48:03,513 - Question count: 4
2024-09-12 17:48:45,819 - Question count: 5
2024-09-12 17:50:40,131 - Question count: 6
2024-09-12 17:52:36,875 - Question count: 7
2024-09-12 17:54:05,306 - Question count: 8
2024-09-12 17:56:43,542 - Question count: 9
2024-09-12 18:00:46,584 - Question count: 10
2024-10-03 17:07:31,615 - Error loading FAISS database: Could not import faiss python package. Please install it with `pip install faiss-gpu` (for CUDA supported GPU) or `pip install faiss-cpu` (depending on Python version).
2024-10-03 17:07:44,997 - Error loading FAISS database: Could not import faiss python package. Please install it with `pip install faiss-gpu` (for CUDA supported GPU) or `pip install faiss-cpu` (depending on Python version).
2024-10-03 17:09:31,368 - Error loading FAISS database: Could not import faiss python package. Please install it with `pip install faiss-gpu` (for CUDA supported GPU) or `pip install faiss-cpu` (depending on Python version).
2024-10-03 17:09:39,900 - Error loading FAISS database: Could not import faiss python package. Please install it with `pip install faiss-gpu` (for CUDA supported GPU) or `pip install faiss-cpu` (depending on Python version).
2024-10-03 17:40:49,863 - Question count: 1
2024-10-03 18:08:55,425 - Question count: 2
2024-10-03 18:13:48,193 - Question count: 3
